03-Feb-2021 23:25:45.554 ERROR [http-nio-8084-exec-37] (DispathFilter.java:170) - 
03-Feb-2021 23:28:22.685 ERROR [http-nio-8084-exec-9] (DispathFilter.java:170) - 
03-Feb-2021 23:28:24.674 ERROR [http-nio-8084-exec-12] (DispathFilter.java:170) - 
03-Feb-2021 23:30:34.870 ERROR [http-nio-8084-exec-17] (DispathFilter.java:170) - 
03-Feb-2021 23:31:40.894 ERROR [http-nio-8084-exec-14] (DispathFilter.java:170) - 
04-Feb-2021 18:45:09.087 ERROR [http-nio-8084-exec-15] (DispathFilter.java:170) - 
06-Feb-2021 22:38:30.666 ERROR [main] (QuestionDAO.java:83) - The conversion from UNKNOWN to UNKNOWN is unsupported.
06-Feb-2021 22:38:51.417 ERROR [main] (QuestionDAO.java:84) - The conversion from UNKNOWN to UNKNOWN is unsupported.
06-Feb-2021 22:40:22.495 ERROR [main] (QuestionDAO.java:84) - The conversion from UNKNOWN to UNKNOWN is unsupported.
06-Feb-2021 22:41:25.622 ERROR [main] (QuestionDAO.java:84) - The conversion from UNKNOWN to UNKNOWN is unsupported.
06-Feb-2021 22:41:39.980 ERROR [main] (QuestionDAO.java:84) - The value is not set for the parameter number 8.
06-Feb-2021 22:42:27.647 ERROR [main] (QuestionDAO.java:85) - Incorrect syntax near the keyword 'select'.
07-Feb-2021 15:02:34.793 ERROR [http-nio-8084-exec-74] (SearchQuestionServlet.java:94) - Must declare the scalar variable "@P1order".
07-Feb-2021 15:02:34.886 ERROR [http-nio-8084-exec-74] (DispathFilter.java:170) - 
07-Feb-2021 15:02:41.113 ERROR [http-nio-8084-exec-77] (DispathFilter.java:170) - 
07-Feb-2021 15:02:50.471 ERROR [http-nio-8084-exec-78] (DispathFilter.java:170) - 
07-Feb-2021 15:06:17.156 ERROR [http-nio-8084-exec-74] (DispathFilter.java:170) - 
07-Feb-2021 15:07:43.237 ERROR [http-nio-8084-exec-91] (DispathFilter.java:171) - 
07-Feb-2021 15:09:11.475 ERROR [http-nio-8084-exec-96] (DispathFilter.java:172) - 
07-Feb-2021 15:11:58.640 ERROR [http-nio-8084-exec-1] (DispathFilter.java:172) - 
07-Feb-2021 15:12:02.019 ERROR [http-nio-8084-exec-13] (DispathFilter.java:172) - 
07-Feb-2021 15:12:20.163 ERROR [http-nio-8084-exec-15] (DispathFilter.java:172) - 
07-Feb-2021 18:38:30.853 ERROR [http-nio-8084-exec-143] (DispathFilter.java:172) - p0014.linhmd.dto.Question cannot be cast to java.util.List
07-Feb-2021 18:38:34.881 ERROR [http-nio-8084-exec-140] (DispathFilter.java:172) - p0014.linhmd.dto.Question cannot be cast to java.util.List
07-Feb-2021 18:43:31.790 ERROR [http-nio-8084-exec-1] (DispathFilter.java:171) - p0014.linhmd.dto.Question cannot be cast to java.util.List
07-Feb-2021 18:46:07.262 ERROR [http-nio-8084-exec-21] (DispathFilter.java:171) - p0014.linhmd.dto.Question cannot be cast to java.util.List
07-Feb-2021 18:46:11.069 ERROR [http-nio-8084-exec-12] (DispathFilter.java:171) - p0014.linhmd.dto.Question cannot be cast to java.util.List
09-Feb-2021 13:10:47.884 ERROR [http-nio-8084-exec-10] (DispathFilter.java:171) - An exception occurred processing JSP page /UpdateQuestion.jsp at line 78

75:                     <label>
76:                         Subject
77:                         <select class=" form-control mdb-select md-form mx-3  active-cyan float-xl-right" name="correct">
78:                             <option selected="${sessionScope.UPDATE_QUESTION.correct == 'a'? 'selected': ''}">A</option>
79:                             <option selected="${sessionScope.UPDATE_QUESTION.correct == 'b'? 'selected': ''}">B</option>
80:                             <option selected="${sessionScope.UPDATE_QUESTION.correct == 'c'? 'selected': ''}">c</option>
81:                             <option selected="${sessionScope.UPDATE_QUESTION.correct == 'd'? 'selected': ''}">D</option>


Stacktrace:
09-Feb-2021 13:13:00.931 ERROR [http-nio-8084-exec-20] (DispathFilter.java:171) - An exception occurred processing JSP page /UpdateQuestion.jsp at line 78

75:                     <label>
76:                         Subject
77:                         <select class=" form-control mdb-select md-form mx-3  active-cyan float-xl-right" name="correct">
78:                             <option selected="${sessionScope.UPDATE_QUESTION.correct == "a"? "selected": ""}">A</option>
79:                             <option selected="${sessionScope.UPDATE_QUESTION.correct == "b"? "selected": ""}">B</option>
80:                             <option selected="${sessionScope.UPDATE_QUESTION.correct == "c"? "selected": ""}">c</option>
81:                             <option selected="${sessionScope.UPDATE_QUESTION.correct == "d"? "selected": ""}">D</option>


Stacktrace:
09-Feb-2021 23:55:34.510 ERROR [http-nio-8084-exec-52] (DispathFilter.java:171) - 
09-Feb-2021 23:57:26.172 ERROR [http-nio-8084-exec-53] (DispathFilter.java:171) - 
09-Feb-2021 23:59:16.359 ERROR [http-nio-8084-exec-51] (UpdateServlet.java:67) - 
09-Feb-2021 23:59:16.380 ERROR [http-nio-8084-exec-51] (DispathFilter.java:171) - 
10-Feb-2021 00:23:52.688 ERROR [http-nio-8084-exec-50] (QuestionDAO.java:138) - The value is not set for the parameter number 8.
10-Feb-2021 01:31:10.530 ERROR [http-nio-8084-exec-136] (DispathFilter.java:171) - javax.el.ELException: Cannot convert a of type class java.lang.String to class java.lang.Long
10-Feb-2021 20:08:53.211 ERROR [http-nio-8084-exec-14] (SearchQuestionServlet.java:97) - Must declare the scalar variable "@P2order".
10-Feb-2021 20:08:53.277 ERROR [http-nio-8084-exec-14] (DispathFilter.java:171) - 
10-Feb-2021 20:13:30.028 ERROR [http-nio-8084-exec-21] (SearchQuestionServlet.java:97) - Must declare the scalar variable "@P2ORDER".
10-Feb-2021 20:13:30.129 ERROR [http-nio-8084-exec-21] (DispathFilter.java:171) - 
10-Feb-2021 20:14:03.575 ERROR [http-nio-8084-exec-27] (SearchQuestionServlet.java:97) - Invalid column name 'subject_id'.
10-Feb-2021 20:14:03.674 ERROR [http-nio-8084-exec-27] (DispathFilter.java:171) - 
10-Feb-2021 21:43:05.128 ERROR [http-nio-8084-exec-196] (DispathFilter.java:171) - 
10-Feb-2021 21:43:52.706 ERROR [http-nio-8084-exec-192] (DispathFilter.java:176) - 
10-Feb-2021 21:45:14.077 ERROR [http-nio-8084-exec-203] (DispathFilter.java:176) - 
10-Feb-2021 21:47:20.237 ERROR [http-nio-8084-exec-211] (DispathFilter.java:176) - 
10-Feb-2021 21:51:15.704 ERROR [http-nio-8084-exec-204] (DispathFilter.java:171) - 
10-Feb-2021 21:53:45.480 ERROR [http-nio-8084-exec-6] (DispathFilter.java:171) - 
10-Feb-2021 21:54:53.667 ERROR [http-nio-8084-exec-7] (DispathFilter.java:171) - Index: 21, Size: 21
10-Feb-2021 21:54:58.328 ERROR [http-nio-8084-exec-2] (DispathFilter.java:171) - Index: 21, Size: 21
11-Feb-2021 20:50:10.888 ERROR [http-nio-8084-exec-34] (DispathFilter.java:167) - /ChooseSubject.jsp (line: 35, column: 20) According to the TLD or the tag file, attribute name is mandatory for tag param
11-Feb-2021 23:55:19.213 ERROR [http-nio-8084-exec-26] (DispathFilter.java:167) - For input string: ""
11-Feb-2021 23:55:21.208 ERROR [http-nio-8084-exec-33] (DispathFilter.java:167) - For input string: ""
11-Feb-2021 23:55:22.386 ERROR [http-nio-8084-exec-24] (DispathFilter.java:167) - For input string: ""
11-Feb-2021 23:55:23.416 ERROR [http-nio-8084-exec-28] (DispathFilter.java:167) - For input string: ""
11-Feb-2021 23:55:24.474 ERROR [http-nio-8084-exec-29] (DispathFilter.java:167) - For input string: ""
11-Feb-2021 23:55:25.451 ERROR [http-nio-8084-exec-30] (DispathFilter.java:167) - For input string: ""
12-Feb-2021 10:26:17.434 ERROR [http-nio-8084-exec-113] (DispathFilter.java:167) - 
12-Feb-2021 10:26:22.853 ERROR [http-nio-8084-exec-91] (DispathFilter.java:167) - An exception occurred processing JSP page /TakeQuiz.jsp at line 43

40: 
41:                     <div class="container d-flex flex-column w-75 text-white p-3 bg-dark rounded" id="options">
42:                         <label class="options">${requestScope.QUESTION.ansA}
43:                             <input type="radio" name="ans" value="a" ${requestScope.USER_ANSWER == 'd'? 'checked="checked"' :""}>
44:                             <span class="checkmark"></span>
45:                         </label>
46:                         <hr class="style18">


Stacktrace:
12-Feb-2021 10:27:12.915 ERROR [http-nio-8084-exec-115] (DispathFilter.java:167) - An exception occurred processing JSP page /TakeQuiz.jsp at line 43

40: 
41:                     <div class="container d-flex flex-column w-75 text-white p-3 bg-dark rounded" id="options">
42:                         <label class="options">${requestScope.QUESTION.ansA}
43:                             <input type="radio" name="ans" value="a" ${requestScope.USER_ANSWER == 'a'? 'checked="checked"' :""}>
44:                             <span class="checkmark"></span>
45:                         </label>
46:                         <hr class="style18">


Stacktrace:
12-Feb-2021 11:36:09.253 ERROR [http-nio-8084-exec-151] (DispathFilter.java:178) - 
12-Feb-2021 11:36:13.223 ERROR [http-nio-8084-exec-152] (DispathFilter.java:178) - 
12-Feb-2021 11:36:14.108 ERROR [http-nio-8084-exec-155] (DispathFilter.java:178) - 
12-Feb-2021 11:36:14.976 ERROR [http-nio-8084-exec-153] (DispathFilter.java:178) - 
12-Feb-2021 11:36:16.818 ERROR [http-nio-8084-exec-154] (DispathFilter.java:178) - 
12-Feb-2021 11:36:17.642 ERROR [http-nio-8084-exec-148] (DispathFilter.java:178) - 
12-Feb-2021 11:36:18.990 ERROR [http-nio-8084-exec-147] (DispathFilter.java:178) - 
12-Feb-2021 17:58:27.016 ERROR [http-nio-8084-exec-11] (DispathFilter.java:178) - An exception occurred processing JSP page /TakeQuiz.jsp at line 29

26:                     <c:forEach var="question" items="${QUIZ}">
27:                         <li class="nav-item mx-3 mb-4">
28:                             <c:url var="QuestionLink" value="Quiz">
29:                                 <c:param name="index" value="${QUIZ.indextOf(question)}"></c:param>
30:                             </c:url>
31:                             <a class="btn bg-dark  text-white" style="color: antiquewhite" onClick="return confirm('Do you want to logout?')" href="${QuestionLink}">Logout</a>
32:                         </li>


Stacktrace:
12-Feb-2021 17:58:53.293 ERROR [http-nio-8084-exec-11] (DispathFilter.java:178) - 
12-Feb-2021 17:59:40.614 ERROR [http-nio-8084-exec-14] (DispathFilter.java:178) - 
12-Feb-2021 17:59:45.406 ERROR [http-nio-8084-exec-15] (DispathFilter.java:178) - 
12-Feb-2021 18:03:06.870 ERROR [http-nio-8084-exec-20] (DispathFilter.java:178) - 
15-Feb-2021 15:25:10.799 ERROR [http-nio-8080-exec-6] (DispathFilter.java:178) - 
15-Feb-2021 15:28:13.243 ERROR [http-nio-8080-exec-3] (SubmitServlet.java:31) - The conversion from UNKNOWN to UNKNOWN is unsupported.
15-Feb-2021 15:28:44.972 ERROR [http-nio-8080-exec-6] (SubmitServlet.java:31) - The conversion from UNKNOWN to UNKNOWN is unsupported.
15-Feb-2021 15:29:08.158 ERROR [http-nio-8080-exec-9] (SubmitServlet.java:31) - The conversion from UNKNOWN to UNKNOWN is unsupported.
15-Feb-2021 15:29:44.683 ERROR [http-nio-8080-exec-10] (SubmitServlet.java:32) - The conversion from UNKNOWN to UNKNOWN is unsupported.
15-Feb-2021 15:32:39.031 ERROR [http-nio-8080-exec-10] (SubmitServlet.java:32) - The conversion from UNKNOWN to UNKNOWN is unsupported.
15-Feb-2021 15:35:17.888 ERROR [http-nio-8080-exec-4] (SubmitServlet.java:32) - The conversion from UNKNOWN to UNKNOWN is unsupported.
15-Feb-2021 15:36:54.783 ERROR [http-nio-8080-exec-8] (SubmitServlet.java:32) - Invalid object name '_quiz_detail'.
